<?xml version="1.0" encoding="UTF-8"?>
<robot generator="Robot 4.0.2 (Python 3.7.5 on linux)" generated="20210526 19:21:10.036" rpa="true" schemaversion="2">
<suite id="s1" name="Create Account" source="/home/patrick/Robots/Examples/Salesforce_create_account/Salesforce_create_account/create_account.robot">
<test id="s1-t1" name="Auth Salesforce and create new accounts">
<kw name="SF Api auth" library="salesforce_library" type="SETUP">
<kw name="Auth With Token" library="RPA.Salesforce">
<arg>username=${USER_NAME}</arg>
<arg>password=${PASSWORD}</arg>
<arg>api_token=${TOKEN}</arg>
<doc>Authorize to Salesforce with security token, username
and password creating instance.</doc>
<status status="PASS" starttime="20210526 19:21:10.454" endtime="20210526 19:21:11.009"/>
</kw>
<status status="PASS" starttime="20210526 19:21:10.454" endtime="20210526 19:21:11.010"/>
</kw>
<kw name="Create Dictionary" library="BuiltIn">
<var>&amp;{dict}</var>
<arg>Name=NyxTech</arg>
<arg>NumberOfEmployees=100</arg>
<arg>Type=Prospect</arg>
<arg>Industry=Enginerring</arg>
<arg>Ownership=Private</arg>
<arg>BillingCountry=Denmark</arg>
<arg>BillingCity=Hovedstaden</arg>
<arg>Phone=20803707</arg>
<doc>Creates and returns a dictionary based on the given ``items``.</doc>
<msg timestamp="20210526 19:21:11.014" level="INFO">&amp;{dict} = { Name=NyxTech | NumberOfEmployees=100 | Type=Prospect | Industry=Enginerring | Ownership=Private | BillingCountry=Denmark | BillingCity=Hovedstaden | Phone=20803707 }</msg>
<status status="PASS" starttime="20210526 19:21:11.012" endtime="20210526 19:21:11.015"/>
</kw>
<kw name="SF create new account" library="salesforce_library">
<arg>account_information=&amp;{dict}</arg>
<kw name="Create Salesforce Object" library="RPA.Salesforce">
<var>&amp;{status}</var>
<arg>object_type=Account</arg>
<arg>object_data=${account_information}</arg>
<doc>Create Salesforce object by type and data.</doc>
<msg timestamp="20210526 19:21:11.847" level="INFO">&amp;{status} = { id=0010900000RDxKkAAL | success=True | errors=[] }</msg>
<status status="PASS" starttime="20210526 19:21:11.020" endtime="20210526 19:21:11.847"/>
</kw>
<kw name="Log" library="BuiltIn">
<arg>${account_information.Name} ${status.succes}</arg>
<doc>Logs the given message with the given level.</doc>
<msg timestamp="20210526 19:21:11.853" level="FAIL">Resolving variable '${status.succes}' failed: AttributeError: succes</msg>
<status status="FAIL" starttime="20210526 19:21:11.848" endtime="20210526 19:21:11.853"/>
</kw>
<status status="FAIL" starttime="20210526 19:21:11.016" endtime="20210526 19:21:11.854"/>
</kw>
<status status="FAIL" starttime="20210526 19:21:10.453" endtime="20210526 19:21:11.855">Resolving variable '${status.succes}' failed: AttributeError: succes</status>
</test>
<doc>Denne bot skal illustrer en medarbejder som laver opslag i
cvr registret for at fremskaffe data på en kunde.</doc>
<status status="FAIL" starttime="20210526 19:21:10.037" endtime="20210526 19:21:11.858"/>
</suite>
<statistics>
<total>
<stat pass="0" fail="1" skip="0">All Tasks</stat>
</total>
<tag>
</tag>
<suite>
<stat pass="0" fail="1" skip="0" id="s1" name="Create Account">Create Account</stat>
</suite>
</statistics>
<errors>
</errors>
</robot>
